{
  "stats": {
    "suites": 4,
    "tests": 9,
    "passes": 1,
    "pending": 0,
    "failures": 8,
    "start": "2021-11-25T19:54:17.818Z",
    "end": "2021-11-25T19:54:49.771Z",
    "duration": 31953,
    "testsRegistered": 9,
    "passPercent": 11.11111111111111,
    "pendingPercent": 0,
    "other": 0,
    "hasOther": false,
    "skipped": 0,
    "hasSkipped": false
  },
  "results": [
    {
      "uuid": "c9603b3d-a6b1-41af-b5ae-10a0bfe296ca",
      "title": "",
      "fullFile": "cypress/integration/bonus.spec.js",
      "file": "cypress/integration/bonus.spec.js",
      "beforeHooks": [],
      "afterHooks": [],
      "tests": [],
      "suites": [
        {
          "uuid": "2a3c854e-f8fd-4922-825f-a610f8daa1f5",
          "title": "12 - Adicione uma tabela à página",
          "fullFile": "",
          "file": "",
          "beforeHooks": [],
          "afterHooks": [],
          "tests": [
            {
              "title": "A página deve possuir uma tabela",
              "fullTitle": "12 - Adicione uma tabela à página A página deve possuir uma tabela",
              "timedOut": null,
              "duration": 10779,
              "state": "failed",
              "speed": null,
              "pass": false,
              "fail": true,
              "pending": false,
              "context": null,
              "code": "(0, _ActionBase.shouldExist)('table');",
              "err": {
                "message": "AssertionError: Timed out retrying: Expected to find element: `table`, but never found it.",
                "estack": "AssertionError: Timed out retrying: Expected to find element: `table`, but never found it.\n    at shouldExist (http://localhost:35383/__cypress/tests?p=cypress/integration/bonus.spec.js:108:20)\n    at Context.eval (http://localhost:35383/__cypress/tests?p=cypress/integration/bonus.spec.js:148:33)",
                "diff": null
              },
              "uuid": "a8b89465-a9f1-4afc-a7c5-334e26870fa9",
              "parentUUID": "2a3c854e-f8fd-4922-825f-a610f8daa1f5",
              "isHook": false,
              "skipped": false
            }
          ],
          "suites": [],
          "passes": [],
          "failures": [
            "a8b89465-a9f1-4afc-a7c5-334e26870fa9"
          ],
          "pending": [],
          "skipped": [],
          "duration": 10779,
          "root": false,
          "rootEmpty": false,
          "_timeout": 2000
        },
        {
          "uuid": "f9dd9ad5-5054-497b-860f-b5e371775fd9",
          "title": "13 - Utilize o Box model",
          "fullFile": "",
          "file": "",
          "beforeHooks": [],
          "afterHooks": [],
          "tests": [
            {
              "title": "Altere `margin`, `padding` e `border` dos elementos para ver, na prática, como esses atributos influenciam e melhoram a visualização dos componentes",
              "fullTitle": "13 - Utilize o Box model Altere `margin`, `padding` e `border` dos elementos para ver, na prática, como esses atributos influenciam e melhoram a visualização dos componentes",
              "timedOut": null,
              "duration": 205,
              "state": "passed",
              "speed": "slow",
              "pass": true,
              "fail": false,
              "pending": false,
              "context": null,
              "code": "cy.readFile('./style.css').then(function (content) {\n  var styles = ['margin', 'padding', 'border'];\n  expect(styles.every(function (style) {\n    return content.match(style);\n  }), 'Do not match styles margin, padding and border').to.be[\"true\"];\n});",
              "err": {},
              "uuid": "4ddf3e99-cdac-42d2-9ca4-77a1626e6dfe",
              "parentUUID": "f9dd9ad5-5054-497b-860f-b5e371775fd9",
              "isHook": false,
              "skipped": false
            }
          ],
          "suites": [],
          "passes": [
            "4ddf3e99-cdac-42d2-9ca4-77a1626e6dfe"
          ],
          "failures": [],
          "pending": [],
          "skipped": [],
          "duration": 205,
          "root": false,
          "rootEmpty": false,
          "_timeout": 2000
        },
        {
          "uuid": "95692618-9331-4909-aae0-ff18739ee512",
          "title": "14 - Altere atributos relacionados as fontes",
          "fullFile": "",
          "file": "",
          "beforeHooks": [],
          "afterHooks": [],
          "tests": [
            {
              "title": "Altere o tamanho da letra",
              "fullTitle": "14 - Altere atributos relacionados as fontes Altere o tamanho da letra",
              "timedOut": null,
              "duration": 103,
              "state": "failed",
              "speed": null,
              "pass": false,
              "fail": true,
              "pending": false,
              "context": null,
              "code": "var styles = [/font:/, /font-size:/];\n(0, _ActionBase.verifyExistingStyle)(styles);",
              "err": {
                "message": "AssertionError: Do not match styles /font:/,/font-size:/: expected false to be true",
                "estack": "AssertionError: Do not match styles /font:/,/font-size:/: expected false to be true\n    at Context.eval (http://localhost:35383/__cypress/tests?p=cypress/integration/bonus.spec.js:125:53)",
                "diff": null
              },
              "uuid": "3d5231ae-942f-41a4-8a23-062c9267f5d2",
              "parentUUID": "95692618-9331-4909-aae0-ff18739ee512",
              "isHook": false,
              "skipped": false
            },
            {
              "title": "Altere a cor da letra",
              "fullTitle": "14 - Altere atributos relacionados as fontes Altere a cor da letra",
              "timedOut": null,
              "duration": 104,
              "state": "failed",
              "speed": null,
              "pass": false,
              "fail": true,
              "pending": false,
              "context": null,
              "code": "var styles = [/font:/, /[^-]color:/];\n(0, _ActionBase.verifyExistingStyle)(styles);",
              "err": {
                "message": "AssertionError: Do not match styles /font:/,/[^-]color:/: expected false to be true",
                "estack": "AssertionError: Do not match styles /font:/,/[^-]color:/: expected false to be true\n    at Context.eval (http://localhost:35383/__cypress/tests?p=cypress/integration/bonus.spec.js:125:53)",
                "diff": null
              },
              "uuid": "c67f50ef-4dcf-4faf-bf56-639c5e62e4b6",
              "parentUUID": "95692618-9331-4909-aae0-ff18739ee512",
              "isHook": false,
              "skipped": false
            },
            {
              "title": "Altere o espaçamento entre as linhas",
              "fullTitle": "14 - Altere atributos relacionados as fontes Altere o espaçamento entre as linhas",
              "timedOut": null,
              "duration": 118,
              "state": "failed",
              "speed": null,
              "pass": false,
              "fail": true,
              "pending": false,
              "context": null,
              "code": "var styles = [/font:/, /line-height:/];\n(0, _ActionBase.verifyExistingStyle)(styles);",
              "err": {
                "message": "AssertionError: Do not match styles /font:/,/line-height:/: expected false to be true",
                "estack": "AssertionError: Do not match styles /font:/,/line-height:/: expected false to be true\n    at Context.eval (http://localhost:35383/__cypress/tests?p=cypress/integration/bonus.spec.js:125:53)",
                "diff": null
              },
              "uuid": "805aeeb8-7ced-403e-8294-f4df01a91abe",
              "parentUUID": "95692618-9331-4909-aae0-ff18739ee512",
              "isHook": false,
              "skipped": false
            },
            {
              "title": "Altere o `font-family`",
              "fullTitle": "14 - Altere atributos relacionados as fontes Altere o `font-family`",
              "timedOut": null,
              "duration": 130,
              "state": "failed",
              "speed": null,
              "pass": false,
              "fail": true,
              "pending": false,
              "context": null,
              "code": "var styles = [/font:/, /font-family:/];\n(0, _ActionBase.verifyExistingStyle)(styles);",
              "err": {
                "message": "AssertionError: Do not match styles /font:/,/font-family:/: expected false to be true",
                "estack": "AssertionError: Do not match styles /font:/,/font-family:/: expected false to be true\n    at Context.eval (http://localhost:35383/__cypress/tests?p=cypress/integration/bonus.spec.js:125:53)",
                "diff": null
              },
              "uuid": "a61ca62b-2ea1-4e31-a07a-cb2618fd62ba",
              "parentUUID": "95692618-9331-4909-aae0-ff18739ee512",
              "isHook": false,
              "skipped": false
            }
          ],
          "suites": [],
          "passes": [],
          "failures": [
            "3d5231ae-942f-41a4-8a23-062c9267f5d2",
            "c67f50ef-4dcf-4faf-bf56-639c5e62e4b6",
            "805aeeb8-7ced-403e-8294-f4df01a91abe",
            "a61ca62b-2ea1-4e31-a07a-cb2618fd62ba"
          ],
          "pending": [],
          "skipped": [],
          "duration": 455,
          "root": false,
          "rootEmpty": false,
          "_timeout": 2000
        },
        {
          "uuid": "444dba7a-f4e2-4bc1-94d1-7602a41e1ee6",
          "title": "15 - Posicione o seu artigo e a seção sobre aprendizados um ao lado do outro",
          "fullFile": "",
          "file": "",
          "beforeHooks": [],
          "afterHooks": [],
          "tests": [
            {
              "title": "Utilizar a classe \"lado-esquerdo\"",
              "fullTitle": "15 - Posicione o seu artigo e a seção sobre aprendizados um ao lado do outro Utilizar a classe \"lado-esquerdo\"",
              "timedOut": null,
              "duration": 10105,
              "state": "failed",
              "speed": null,
              "pass": false,
              "fail": true,
              "pending": false,
              "context": null,
              "code": "(0, _ActionBase.shouldExist)('.lado-esquerdo');",
              "err": {
                "message": "AssertionError: Timed out retrying: Expected to find element: `.lado-esquerdo`, but never found it.",
                "estack": "AssertionError: Timed out retrying: Expected to find element: `.lado-esquerdo`, but never found it.\n    at shouldExist (http://localhost:35383/__cypress/tests?p=cypress/integration/bonus.spec.js:108:20)\n    at Context.eval (http://localhost:35383/__cypress/tests?p=cypress/integration/bonus.spec.js:190:33)",
                "diff": null
              },
              "uuid": "16390784-10e5-49a1-aeb8-40862f874212",
              "parentUUID": "444dba7a-f4e2-4bc1-94d1-7602a41e1ee6",
              "isHook": false,
              "skipped": false
            },
            {
              "title": "Utilizar a classe \"lado-direito\"",
              "fullTitle": "15 - Posicione o seu artigo e a seção sobre aprendizados um ao lado do outro Utilizar a classe \"lado-direito\"",
              "timedOut": null,
              "duration": 10102,
              "state": "failed",
              "speed": null,
              "pass": false,
              "fail": true,
              "pending": false,
              "context": null,
              "code": "(0, _ActionBase.shouldExist)('.lado-direito');",
              "err": {
                "message": "AssertionError: Timed out retrying: Expected to find element: `.lado-direito`, but never found it.",
                "estack": "AssertionError: Timed out retrying: Expected to find element: `.lado-direito`, but never found it.\n    at shouldExist (http://localhost:35383/__cypress/tests?p=cypress/integration/bonus.spec.js:108:20)\n    at Context.eval (http://localhost:35383/__cypress/tests?p=cypress/integration/bonus.spec.js:193:33)",
                "diff": null
              },
              "uuid": "64b536ee-b5e3-45ea-bcd5-33cb49fcc757",
              "parentUUID": "444dba7a-f4e2-4bc1-94d1-7602a41e1ee6",
              "isHook": false,
              "skipped": false
            },
            {
              "title": "Verificar se os elementos com as classes lado-direito e lado-esquerdo estão posicionados corretamente",
              "fullTitle": "15 - Posicione o seu artigo e a seção sobre aprendizados um ao lado do outro Verificar se os elementos com as classes lado-direito e lado-esquerdo estão posicionados corretamente",
              "timedOut": null,
              "duration": 122,
              "state": "failed",
              "speed": null,
              "pass": false,
              "fail": true,
              "pending": false,
              "context": null,
              "code": "cy.document().then(function (doc) {\n  var leftSide = {\n    top: (0, _ActionBase.evaluateOffset)(doc, '.lado-esquerdo', 'Top'),\n    height: (0, _ActionBase.evaluateOffset)(doc, '.lado-esquerdo', 'Height')\n  };\n  var rightSide = {\n    top: (0, _ActionBase.evaluateOffset)(doc, '.lado-direito', 'Top'),\n    height: (0, _ActionBase.evaluateOffset)(doc, '.lado-direito', 'Height')\n  };\n  expect((0, _ActionBase.isSidebySide)(leftSide, rightSide), 'Not side by side. *hint - search for float, width and positioning properties to achieve this requirement*').to.be[\"true\"];\n});",
              "err": {
                "message": "TypeError: Cannot read property 'offsetTop' of null",
                "estack": "TypeError: Cannot read property 'offsetTop' of null\n    at evaluateOffset (http://localhost:35383/__cypress/tests?p=cypress/integration/bonus.spec.js:112:37)\n    at Context.eval (http://localhost:35383/__cypress/tests?p=cypress/integration/bonus.spec.js:198:45)",
                "diff": null
              },
              "uuid": "78e12db0-fecd-4642-8782-2fcce2b08d20",
              "parentUUID": "444dba7a-f4e2-4bc1-94d1-7602a41e1ee6",
              "isHook": false,
              "skipped": false
            }
          ],
          "suites": [],
          "passes": [],
          "failures": [
            "16390784-10e5-49a1-aeb8-40862f874212",
            "64b536ee-b5e3-45ea-bcd5-33cb49fcc757",
            "78e12db0-fecd-4642-8782-2fcce2b08d20"
          ],
          "pending": [],
          "skipped": [],
          "duration": 20329,
          "root": false,
          "rootEmpty": false,
          "_timeout": 2000
        }
      ],
      "passes": [],
      "failures": [],
      "pending": [],
      "skipped": [],
      "duration": 0,
      "root": true,
      "rootEmpty": true,
      "_timeout": 2000
    }
  ],
  "meta": {
    "mocha": {
      "version": "7.0.1"
    },
    "mochawesome": {
      "options": {
        "quiet": false,
        "reportFilename": "mochawesome",
        "saveHtml": false,
        "saveJson": true,
        "consoleReporter": "spec",
        "useInlineDiffs": false
      },
      "version": "4.1.0"
    },
    "marge": {
      "options": {
        "id": "default",
        "reportDir": "cypress/reports",
        "overwrite": false,
        "html": false,
        "json": true
      },
      "version": "4.1.0"
    }
  }
}