{
  "stats": {
    "suites": 4,
    "tests": 9,
    "passes": 1,
    "pending": 0,
    "failures": 8,
    "start": "2021-11-25T19:46:36.948Z",
    "end": "2021-11-25T19:47:09.168Z",
    "duration": 32220,
    "testsRegistered": 9,
    "passPercent": 11.11111111111111,
    "pendingPercent": 0,
    "other": 0,
    "hasOther": false,
    "skipped": 0,
    "hasSkipped": false
  },
  "results": [
    {
      "uuid": "6866fb56-c2ad-43ee-b6ea-6e2ff0444118",
      "title": "",
      "fullFile": "cypress/integration/bonus.spec.js",
      "file": "cypress/integration/bonus.spec.js",
      "beforeHooks": [],
      "afterHooks": [],
      "tests": [],
      "suites": [
        {
          "uuid": "c3d5ecdc-3d82-4fb0-8f07-af6b2eda249c",
          "title": "12 - Adicione uma tabela à página",
          "fullFile": "",
          "file": "",
          "beforeHooks": [],
          "afterHooks": [],
          "tests": [
            {
              "title": "A página deve possuir uma tabela",
              "fullTitle": "12 - Adicione uma tabela à página A página deve possuir uma tabela",
              "timedOut": null,
              "duration": 10713,
              "state": "failed",
              "speed": null,
              "pass": false,
              "fail": true,
              "pending": false,
              "context": null,
              "code": "(0, _ActionBase.shouldExist)('table');",
              "err": {
                "message": "AssertionError: Timed out retrying: Expected to find element: `table`, but never found it.",
                "estack": "AssertionError: Timed out retrying: Expected to find element: `table`, but never found it.\n    at shouldExist (http://localhost:42927/__cypress/tests?p=cypress/integration/bonus.spec.js:108:20)\n    at Context.eval (http://localhost:42927/__cypress/tests?p=cypress/integration/bonus.spec.js:148:33)",
                "diff": null
              },
              "uuid": "b911b901-344e-4d48-a579-0e203eaff908",
              "parentUUID": "c3d5ecdc-3d82-4fb0-8f07-af6b2eda249c",
              "isHook": false,
              "skipped": false
            }
          ],
          "suites": [],
          "passes": [],
          "failures": [
            "b911b901-344e-4d48-a579-0e203eaff908"
          ],
          "pending": [],
          "skipped": [],
          "duration": 10713,
          "root": false,
          "rootEmpty": false,
          "_timeout": 2000
        },
        {
          "uuid": "4e582200-f802-4727-bca7-475e7b9e550c",
          "title": "13 - Utilize o Box model",
          "fullFile": "",
          "file": "",
          "beforeHooks": [],
          "afterHooks": [],
          "tests": [
            {
              "title": "Altere `margin`, `padding` e `border` dos elementos para ver, na prática, como esses atributos influenciam e melhoram a visualização dos componentes",
              "fullTitle": "13 - Utilize o Box model Altere `margin`, `padding` e `border` dos elementos para ver, na prática, como esses atributos influenciam e melhoram a visualização dos componentes",
              "timedOut": null,
              "duration": 427,
              "state": "passed",
              "speed": "slow",
              "pass": true,
              "fail": false,
              "pending": false,
              "context": null,
              "code": "cy.readFile('./style.css').then(function (content) {\n  var styles = ['margin', 'padding', 'border'];\n  expect(styles.every(function (style) {\n    return content.match(style);\n  }), 'Do not match styles margin, padding and border').to.be[\"true\"];\n});",
              "err": {},
              "uuid": "d6402a54-68d9-4c5f-a410-f04413e54623",
              "parentUUID": "4e582200-f802-4727-bca7-475e7b9e550c",
              "isHook": false,
              "skipped": false
            }
          ],
          "suites": [],
          "passes": [
            "d6402a54-68d9-4c5f-a410-f04413e54623"
          ],
          "failures": [],
          "pending": [],
          "skipped": [],
          "duration": 427,
          "root": false,
          "rootEmpty": false,
          "_timeout": 2000
        },
        {
          "uuid": "046f1954-f789-44c2-9e64-52f9fcc52f06",
          "title": "14 - Altere atributos relacionados as fontes",
          "fullFile": "",
          "file": "",
          "beforeHooks": [],
          "afterHooks": [],
          "tests": [
            {
              "title": "Altere o tamanho da letra",
              "fullTitle": "14 - Altere atributos relacionados as fontes Altere o tamanho da letra",
              "timedOut": null,
              "duration": 128,
              "state": "failed",
              "speed": null,
              "pass": false,
              "fail": true,
              "pending": false,
              "context": null,
              "code": "var styles = [/font:/, /font-size:/];\n(0, _ActionBase.verifyExistingStyle)(styles);",
              "err": {
                "message": "AssertionError: Do not match styles /font:/,/font-size:/: expected false to be true",
                "estack": "AssertionError: Do not match styles /font:/,/font-size:/: expected false to be true\n    at Context.eval (http://localhost:42927/__cypress/tests?p=cypress/integration/bonus.spec.js:125:53)",
                "diff": null
              },
              "uuid": "afe4a2ef-d508-40e2-89ea-6fec7fd60a3b",
              "parentUUID": "046f1954-f789-44c2-9e64-52f9fcc52f06",
              "isHook": false,
              "skipped": false
            },
            {
              "title": "Altere a cor da letra",
              "fullTitle": "14 - Altere atributos relacionados as fontes Altere a cor da letra",
              "timedOut": null,
              "duration": 101,
              "state": "failed",
              "speed": null,
              "pass": false,
              "fail": true,
              "pending": false,
              "context": null,
              "code": "var styles = [/font:/, /[^-]color:/];\n(0, _ActionBase.verifyExistingStyle)(styles);",
              "err": {
                "message": "AssertionError: Do not match styles /font:/,/[^-]color:/: expected false to be true",
                "estack": "AssertionError: Do not match styles /font:/,/[^-]color:/: expected false to be true\n    at Context.eval (http://localhost:42927/__cypress/tests?p=cypress/integration/bonus.spec.js:125:53)",
                "diff": null
              },
              "uuid": "9a75b853-9639-4592-baff-7b83c75d651b",
              "parentUUID": "046f1954-f789-44c2-9e64-52f9fcc52f06",
              "isHook": false,
              "skipped": false
            },
            {
              "title": "Altere o espaçamento entre as linhas",
              "fullTitle": "14 - Altere atributos relacionados as fontes Altere o espaçamento entre as linhas",
              "timedOut": null,
              "duration": 118,
              "state": "failed",
              "speed": null,
              "pass": false,
              "fail": true,
              "pending": false,
              "context": null,
              "code": "var styles = [/font:/, /line-height:/];\n(0, _ActionBase.verifyExistingStyle)(styles);",
              "err": {
                "message": "AssertionError: Do not match styles /font:/,/line-height:/: expected false to be true",
                "estack": "AssertionError: Do not match styles /font:/,/line-height:/: expected false to be true\n    at Context.eval (http://localhost:42927/__cypress/tests?p=cypress/integration/bonus.spec.js:125:53)",
                "diff": null
              },
              "uuid": "b66af9d0-7084-4840-bb45-f2e8abae1399",
              "parentUUID": "046f1954-f789-44c2-9e64-52f9fcc52f06",
              "isHook": false,
              "skipped": false
            },
            {
              "title": "Altere o `font-family`",
              "fullTitle": "14 - Altere atributos relacionados as fontes Altere o `font-family`",
              "timedOut": null,
              "duration": 140,
              "state": "failed",
              "speed": null,
              "pass": false,
              "fail": true,
              "pending": false,
              "context": null,
              "code": "var styles = [/font:/, /font-family:/];\n(0, _ActionBase.verifyExistingStyle)(styles);",
              "err": {
                "message": "AssertionError: Do not match styles /font:/,/font-family:/: expected false to be true",
                "estack": "AssertionError: Do not match styles /font:/,/font-family:/: expected false to be true\n    at Context.eval (http://localhost:42927/__cypress/tests?p=cypress/integration/bonus.spec.js:125:53)",
                "diff": null
              },
              "uuid": "4e5f465e-fb3b-465e-bc39-2f625d9baaa6",
              "parentUUID": "046f1954-f789-44c2-9e64-52f9fcc52f06",
              "isHook": false,
              "skipped": false
            }
          ],
          "suites": [],
          "passes": [],
          "failures": [
            "afe4a2ef-d508-40e2-89ea-6fec7fd60a3b",
            "9a75b853-9639-4592-baff-7b83c75d651b",
            "b66af9d0-7084-4840-bb45-f2e8abae1399",
            "4e5f465e-fb3b-465e-bc39-2f625d9baaa6"
          ],
          "pending": [],
          "skipped": [],
          "duration": 487,
          "root": false,
          "rootEmpty": false,
          "_timeout": 2000
        },
        {
          "uuid": "0bd119c5-55bf-4889-875c-9b24becf4c45",
          "title": "15 - Posicione o seu artigo e a seção sobre aprendizados um ao lado do outro",
          "fullFile": "",
          "file": "",
          "beforeHooks": [],
          "afterHooks": [],
          "tests": [
            {
              "title": "Utilizar a classe \"lado-esquerdo\"",
              "fullTitle": "15 - Posicione o seu artigo e a seção sobre aprendizados um ao lado do outro Utilizar a classe \"lado-esquerdo\"",
              "timedOut": null,
              "duration": 10108,
              "state": "failed",
              "speed": null,
              "pass": false,
              "fail": true,
              "pending": false,
              "context": null,
              "code": "(0, _ActionBase.shouldExist)('.lado-esquerdo');",
              "err": {
                "message": "AssertionError: Timed out retrying: Expected to find element: `.lado-esquerdo`, but never found it.",
                "estack": "AssertionError: Timed out retrying: Expected to find element: `.lado-esquerdo`, but never found it.\n    at shouldExist (http://localhost:42927/__cypress/tests?p=cypress/integration/bonus.spec.js:108:20)\n    at Context.eval (http://localhost:42927/__cypress/tests?p=cypress/integration/bonus.spec.js:190:33)",
                "diff": null
              },
              "uuid": "ce878a87-c31b-43fd-87f8-7e8d6c5e700d",
              "parentUUID": "0bd119c5-55bf-4889-875c-9b24becf4c45",
              "isHook": false,
              "skipped": false
            },
            {
              "title": "Utilizar a classe \"lado-direito\"",
              "fullTitle": "15 - Posicione o seu artigo e a seção sobre aprendizados um ao lado do outro Utilizar a classe \"lado-direito\"",
              "timedOut": null,
              "duration": 10135,
              "state": "failed",
              "speed": null,
              "pass": false,
              "fail": true,
              "pending": false,
              "context": null,
              "code": "(0, _ActionBase.shouldExist)('.lado-direito');",
              "err": {
                "message": "AssertionError: Timed out retrying: Expected to find element: `.lado-direito`, but never found it.",
                "estack": "AssertionError: Timed out retrying: Expected to find element: `.lado-direito`, but never found it.\n    at shouldExist (http://localhost:42927/__cypress/tests?p=cypress/integration/bonus.spec.js:108:20)\n    at Context.eval (http://localhost:42927/__cypress/tests?p=cypress/integration/bonus.spec.js:193:33)",
                "diff": null
              },
              "uuid": "5ea1a2fd-5871-45a7-b64d-94305e27c3d6",
              "parentUUID": "0bd119c5-55bf-4889-875c-9b24becf4c45",
              "isHook": false,
              "skipped": false
            },
            {
              "title": "Verificar se os elementos com as classes lado-direito e lado-esquerdo estão posicionados corretamente",
              "fullTitle": "15 - Posicione o seu artigo e a seção sobre aprendizados um ao lado do outro Verificar se os elementos com as classes lado-direito e lado-esquerdo estão posicionados corretamente",
              "timedOut": null,
              "duration": 108,
              "state": "failed",
              "speed": null,
              "pass": false,
              "fail": true,
              "pending": false,
              "context": null,
              "code": "cy.document().then(function (doc) {\n  var leftSide = {\n    top: (0, _ActionBase.evaluateOffset)(doc, '.lado-esquerdo', 'Top'),\n    height: (0, _ActionBase.evaluateOffset)(doc, '.lado-esquerdo', 'Height')\n  };\n  var rightSide = {\n    top: (0, _ActionBase.evaluateOffset)(doc, '.lado-direito', 'Top'),\n    height: (0, _ActionBase.evaluateOffset)(doc, '.lado-direito', 'Height')\n  };\n  expect((0, _ActionBase.isSidebySide)(leftSide, rightSide), 'Not side by side. *hint - search for float, width and positioning properties to achieve this requirement*').to.be[\"true\"];\n});",
              "err": {
                "message": "TypeError: Cannot read property 'offsetTop' of null",
                "estack": "TypeError: Cannot read property 'offsetTop' of null\n    at evaluateOffset (http://localhost:42927/__cypress/tests?p=cypress/integration/bonus.spec.js:112:37)\n    at Context.eval (http://localhost:42927/__cypress/tests?p=cypress/integration/bonus.spec.js:198:45)",
                "diff": null
              },
              "uuid": "63cda06d-0d40-4397-a11d-0f191e268424",
              "parentUUID": "0bd119c5-55bf-4889-875c-9b24becf4c45",
              "isHook": false,
              "skipped": false
            }
          ],
          "suites": [],
          "passes": [],
          "failures": [
            "ce878a87-c31b-43fd-87f8-7e8d6c5e700d",
            "5ea1a2fd-5871-45a7-b64d-94305e27c3d6",
            "63cda06d-0d40-4397-a11d-0f191e268424"
          ],
          "pending": [],
          "skipped": [],
          "duration": 20351,
          "root": false,
          "rootEmpty": false,
          "_timeout": 2000
        }
      ],
      "passes": [],
      "failures": [],
      "pending": [],
      "skipped": [],
      "duration": 0,
      "root": true,
      "rootEmpty": true,
      "_timeout": 2000
    }
  ],
  "meta": {
    "mocha": {
      "version": "7.0.1"
    },
    "mochawesome": {
      "options": {
        "quiet": false,
        "reportFilename": "mochawesome",
        "saveHtml": false,
        "saveJson": true,
        "consoleReporter": "spec",
        "useInlineDiffs": false
      },
      "version": "4.1.0"
    },
    "marge": {
      "options": {
        "id": "default",
        "reportDir": "cypress/reports",
        "overwrite": false,
        "html": false,
        "json": true
      },
      "version": "4.1.0"
    }
  }
}