{
  "stats": {
    "suites": 11,
    "tests": 22,
    "passes": 19,
    "pending": 0,
    "failures": 3,
    "start": "2021-11-25T19:50:29.088Z",
    "end": "2021-11-25T19:50:46.291Z",
    "duration": 17203,
    "testsRegistered": 22,
    "passPercent": 86.36363636363636,
    "pendingPercent": 0,
    "other": 0,
    "hasOther": false,
    "skipped": 0,
    "hasSkipped": false
  },
  "results": [
    {
      "uuid": "9cbda44c-8cc4-47ce-9c87-098235a048c5",
      "title": "",
      "fullFile": "cypress/integration/project.spec.js",
      "file": "cypress/integration/project.spec.js",
      "beforeHooks": [],
      "afterHooks": [],
      "tests": [],
      "suites": [
        {
          "uuid": "09d92cc7-70d8-4554-9807-b501c8d4d3b1",
          "title": "1 - Adicione uma cor de fundo específica para a página",
          "fullFile": "",
          "file": "",
          "beforeHooks": [],
          "afterHooks": [],
          "tests": [
            {
              "title": "Possuir cor de fundo: rgb(253, 251, 251)",
              "fullTitle": "1 - Adicione uma cor de fundo específica para a página Possuir cor de fundo: rgb(253, 251, 251)",
              "timedOut": null,
              "duration": 204,
              "state": "passed",
              "speed": "slow",
              "pass": true,
              "fail": false,
              "pending": false,
              "context": null,
              "code": "cy.get('body').should('have.css', 'backgroundColor', 'rgb(253, 251, 251)');",
              "err": {},
              "uuid": "91b297f5-ff93-43d1-a255-5712b02b6715",
              "parentUUID": "09d92cc7-70d8-4554-9807-b501c8d4d3b1",
              "isHook": false,
              "skipped": false
            }
          ],
          "suites": [],
          "passes": [
            "91b297f5-ff93-43d1-a255-5712b02b6715"
          ],
          "failures": [],
          "pending": [],
          "skipped": [],
          "duration": 204,
          "root": false,
          "rootEmpty": false,
          "_timeout": 2000
        },
        {
          "uuid": "97c2e39e-248c-4274-ad97-fec56499720b",
          "title": "2 - Adicione uma barra superior com um título",
          "fullFile": "",
          "file": "",
          "beforeHooks": [],
          "afterHooks": [],
          "tests": [
            {
              "title": "A barra deve possuir o ID \"cabecalho\"",
              "fullTitle": "2 - Adicione uma barra superior com um título A barra deve possuir o ID \"cabecalho\"",
              "timedOut": null,
              "duration": 103,
              "state": "passed",
              "speed": "slow",
              "pass": true,
              "fail": false,
              "pending": false,
              "context": null,
              "code": "(0, _ActionBase.shouldExist)('#cabecalho');",
              "err": {},
              "uuid": "41dcc3bc-555f-4cd1-9e87-38863bb5ef45",
              "parentUUID": "97c2e39e-248c-4274-ad97-fec56499720b",
              "isHook": false,
              "skipped": false
            },
            {
              "title": "A barra superior deve ser fixa no topo da página, com a propriedade top tendo o valor `0`",
              "fullTitle": "2 - Adicione uma barra superior com um título A barra superior deve ser fixa no topo da página, com a propriedade top tendo o valor `0`",
              "timedOut": null,
              "duration": 85,
              "state": "passed",
              "speed": "slow",
              "pass": true,
              "fail": false,
              "pending": false,
              "context": null,
              "code": "cy.get('#cabecalho').should('have.css', 'position', 'fixed').should('have.css', 'top', '0px');",
              "err": {},
              "uuid": "3e625670-0ba8-4943-8999-65af242f611d",
              "parentUUID": "97c2e39e-248c-4274-ad97-fec56499720b",
              "isHook": false,
              "skipped": false
            },
            {
              "title": "O título deve estar dentro da barra e possuir o ID \"titulo\", além de ser uma tag \"h1\"",
              "fullTitle": "2 - Adicione uma barra superior com um título O título deve estar dentro da barra e possuir o ID \"titulo\", além de ser uma tag \"h1\"",
              "timedOut": null,
              "duration": 83,
              "state": "passed",
              "speed": "slow",
              "pass": true,
              "fail": false,
              "pending": false,
              "context": null,
              "code": "(0, _ActionBase.shouldExist)('#cabecalho h1#titulo');",
              "err": {},
              "uuid": "f335ddc4-65c5-40c7-8fdf-85a3edc5b3b9",
              "parentUUID": "97c2e39e-248c-4274-ad97-fec56499720b",
              "isHook": false,
              "skipped": false
            }
          ],
          "suites": [],
          "passes": [
            "41dcc3bc-555f-4cd1-9e87-38863bb5ef45",
            "3e625670-0ba8-4943-8999-65af242f611d",
            "f335ddc4-65c5-40c7-8fdf-85a3edc5b3b9"
          ],
          "failures": [],
          "pending": [],
          "skipped": [],
          "duration": 271,
          "root": false,
          "rootEmpty": false,
          "_timeout": 2000
        },
        {
          "uuid": "0cbcbd6c-bb85-4383-93a6-b83e71d2b95f",
          "title": "3 - Adicione uma foto sua à página",
          "fullFile": "",
          "file": "",
          "beforeHooks": [],
          "afterHooks": [],
          "tests": [
            {
              "title": "A foto deve ser inserida utilizando uma tag img com o ID \"minha_foto\"",
              "fullTitle": "3 - Adicione uma foto sua à página A foto deve ser inserida utilizando uma tag img com o ID \"minha_foto\"",
              "timedOut": null,
              "duration": 88,
              "state": "passed",
              "speed": "slow",
              "pass": true,
              "fail": false,
              "pending": false,
              "context": null,
              "code": "cy.get('img#minha_foto').should('have.attr', 'src');",
              "err": {},
              "uuid": "29d27823-6f00-4bb0-bb81-1c861b85592a",
              "parentUUID": "0cbcbd6c-bb85-4383-93a6-b83e71d2b95f",
              "isHook": false,
              "skipped": false
            }
          ],
          "suites": [],
          "passes": [
            "29d27823-6f00-4bb0-bb81-1c861b85592a"
          ],
          "failures": [],
          "pending": [],
          "skipped": [],
          "duration": 88,
          "root": false,
          "rootEmpty": false,
          "_timeout": 2000
        },
        {
          "uuid": "941d24f7-a399-44fe-a7cb-5773412f3202",
          "title": "4 - Adicione uma lista de lições aprendidas à página",
          "fullFile": "",
          "file": "",
          "beforeHooks": [],
          "afterHooks": [],
          "tests": [
            {
              "title": "A lista deve ser numerada e possuir o ID \"licoes_aprendidas\"",
              "fullTitle": "4 - Adicione uma lista de lições aprendidas à página A lista deve ser numerada e possuir o ID \"licoes_aprendidas\"",
              "timedOut": null,
              "duration": 83,
              "state": "passed",
              "speed": "slow",
              "pass": true,
              "fail": false,
              "pending": false,
              "context": null,
              "code": "(0, _ActionBase.shouldExist)('ol#licoes_aprendidas');",
              "err": {},
              "uuid": "ae563174-c416-4fbf-9132-041e0289e6ba",
              "parentUUID": "941d24f7-a399-44fe-a7cb-5773412f3202",
              "isHook": false,
              "skipped": false
            },
            {
              "title": "A lista deve possuir 10 itens",
              "fullTitle": "4 - Adicione uma lista de lições aprendidas à página A lista deve possuir 10 itens",
              "timedOut": null,
              "duration": 112,
              "state": "passed",
              "speed": "slow",
              "pass": true,
              "fail": false,
              "pending": false,
              "context": null,
              "code": "cy.get('ol#licoes_aprendidas').find('li').should('have.length', 10);",
              "err": {},
              "uuid": "5e2b611a-4e65-4ecd-955d-ad2f384894e3",
              "parentUUID": "941d24f7-a399-44fe-a7cb-5773412f3202",
              "isHook": false,
              "skipped": false
            }
          ],
          "suites": [],
          "passes": [
            "ae563174-c416-4fbf-9132-041e0289e6ba",
            "5e2b611a-4e65-4ecd-955d-ad2f384894e3"
          ],
          "failures": [],
          "pending": [],
          "skipped": [],
          "duration": 195,
          "root": false,
          "rootEmpty": false,
          "_timeout": 2000
        },
        {
          "uuid": "6d12ddf9-429c-4e3b-93ca-eb5288503180",
          "title": "5 - Crie uma lista de lições que ainda deseja aprender para a página",
          "fullFile": "",
          "file": "",
          "beforeHooks": [],
          "afterHooks": [],
          "tests": [
            {
              "title": "A lista não deve ser numerada e deve possuir o ID \"licoes_a_aprender\"",
              "fullTitle": "5 - Crie uma lista de lições que ainda deseja aprender para a página A lista não deve ser numerada e deve possuir o ID \"licoes_a_aprender\"",
              "timedOut": null,
              "duration": 77,
              "state": "passed",
              "speed": "slow",
              "pass": true,
              "fail": false,
              "pending": false,
              "context": null,
              "code": "(0, _ActionBase.shouldExist)('ul#licoes_a_aprender');",
              "err": {},
              "uuid": "d64d4bd3-c932-48aa-9ad6-b928beaeb53d",
              "parentUUID": "6d12ddf9-429c-4e3b-93ca-eb5288503180",
              "isHook": false,
              "skipped": false
            },
            {
              "title": "A lista deve possuir 10 itens",
              "fullTitle": "5 - Crie uma lista de lições que ainda deseja aprender para a página A lista deve possuir 10 itens",
              "timedOut": null,
              "duration": 90,
              "state": "passed",
              "speed": "slow",
              "pass": true,
              "fail": false,
              "pending": false,
              "context": null,
              "code": "cy.get('ul#licoes_a_aprender').find('li').should('have.length', 10);",
              "err": {},
              "uuid": "d631fa44-94f9-42c1-9ce0-61c3a484d3dd",
              "parentUUID": "6d12ddf9-429c-4e3b-93ca-eb5288503180",
              "isHook": false,
              "skipped": false
            }
          ],
          "suites": [],
          "passes": [
            "d64d4bd3-c932-48aa-9ad6-b928beaeb53d",
            "d631fa44-94f9-42c1-9ce0-61c3a484d3dd"
          ],
          "failures": [],
          "pending": [],
          "skipped": [],
          "duration": 167,
          "root": false,
          "rootEmpty": false,
          "_timeout": 2000
        },
        {
          "uuid": "80816235-e8b3-478b-b3fd-742fbdaac3a0",
          "title": "6 - Adicione um rodapé para a página",
          "fullFile": "",
          "file": "",
          "beforeHooks": [],
          "afterHooks": [],
          "tests": [
            {
              "title": "O rodapé deve possuir o ID \"rodape\"",
              "fullTitle": "6 - Adicione um rodapé para a página O rodapé deve possuir o ID \"rodape\"",
              "timedOut": null,
              "duration": 91,
              "state": "passed",
              "speed": "slow",
              "pass": true,
              "fail": false,
              "pending": false,
              "context": null,
              "code": "cy.get('footer#rodape').should('exist');",
              "err": {},
              "uuid": "55c79d43-c103-4eb6-9b0d-e0abf7ac1425",
              "parentUUID": "80816235-e8b3-478b-b3fd-742fbdaac3a0",
              "isHook": false,
              "skipped": false
            }
          ],
          "suites": [],
          "passes": [
            "55c79d43-c103-4eb6-9b0d-e0abf7ac1425"
          ],
          "failures": [],
          "pending": [],
          "skipped": [],
          "duration": 91,
          "root": false,
          "rootEmpty": false,
          "_timeout": 2000
        },
        {
          "uuid": "1b17f010-fa52-4c46-910e-fde1b533041e",
          "title": "7 - Insira pelo menos um link externo na página",
          "fullFile": "",
          "file": "",
          "beforeHooks": [],
          "afterHooks": [],
          "tests": [
            {
              "title": "A configuração desse link deve ser feita para abrir em uma nova aba do navegador",
              "fullTitle": "7 - Insira pelo menos um link externo na página A configuração desse link deve ser feita para abrir em uma nova aba do navegador",
              "timedOut": null,
              "duration": 93,
              "state": "passed",
              "speed": "slow",
              "pass": true,
              "fail": false,
              "pending": false,
              "context": null,
              "code": "cy.get('a').then(function (a) {\n  var actual = Array.from(a).some(function (element) {\n    return element.target === '_blank' && element.href !== '';\n  });\n  expect(actual).to.be[\"true\"];\n});",
              "err": {},
              "uuid": "80352b2c-3251-46c7-9d14-74658ba2a2ff",
              "parentUUID": "1b17f010-fa52-4c46-910e-fde1b533041e",
              "isHook": false,
              "skipped": false
            }
          ],
          "suites": [],
          "passes": [
            "80352b2c-3251-46c7-9d14-74658ba2a2ff"
          ],
          "failures": [],
          "pending": [],
          "skipped": [],
          "duration": 93,
          "root": false,
          "rootEmpty": false,
          "_timeout": 2000
        },
        {
          "uuid": "e7e75ff8-3480-46c9-8d32-6acb14007311",
          "title": "8 - Crie um artigo sobre seu aprendizado",
          "fullFile": "",
          "file": "",
          "beforeHooks": [],
          "afterHooks": [],
          "tests": [
            {
              "title": "A `tag` `article` devem ser utilizadas",
              "fullTitle": "8 - Crie um artigo sobre seu aprendizado A `tag` `article` devem ser utilizadas",
              "timedOut": null,
              "duration": 75,
              "state": "passed",
              "speed": "medium",
              "pass": true,
              "fail": false,
              "pending": false,
              "context": null,
              "code": "(0, _ActionBase.shouldExist)('article');",
              "err": {},
              "uuid": "f5800253-8428-4da8-93b4-7055224c16fc",
              "parentUUID": "e7e75ff8-3480-46c9-8d32-6acb14007311",
              "isHook": false,
              "skipped": false
            },
            {
              "title": "O artigo deve ter mais de 300 caracteres e menos de 600",
              "fullTitle": "8 - Crie um artigo sobre seu aprendizado O artigo deve ter mais de 300 caracteres e menos de 600",
              "timedOut": null,
              "duration": 105,
              "state": "failed",
              "speed": null,
              "pass": false,
              "fail": true,
              "pending": false,
              "context": null,
              "code": "cy.get('article').invoke('text').then(function (text) {\n  expect(text).to.have.length.of.at.most(600);\n  expect(text).to.have.length.of.at.above(300);\n});",
              "err": {
                "message": "AssertionError: expected '\\n            \\n                APRENDIZADO\\n                Um dia você amadurece, e consegue perceber que o amor é algo que se encontra muito além de um belo\\n                sorriso...\\n                Consegue perceber que maior parte da tua felicidade é construída por você mesmo. E consegue perceber que\\n                as pessoas mais valiosas em sua vida são justamente aquelas que sempre estiveram ao teu lado.\\n                E não é que o tempo seja mestre em nos ensinar o óbvio. Nós é que demoramos demais para o óbvio\\n                aprendermos!\\n            \\n            \\n                \\n                    \\n                        Há escolas que são gaiolas e há escolas que são asas.\\n                        Escolas que são gaiolas existem para que os pássaros desaprendam a arte do vôo. Pássaros\\n                        engaiolados são pássaros sob controle. Engaiolados, o seu dono pode levá-los para onde quiser.\\n                        Pássaros engaiolados sempre têm um dono.\\n\\n                    \\n                \\n            \\n        ' to have a length at most 600 but got 1055",
                "estack": "AssertionError: expected '\\n            \\n                APRENDIZADO\\n                Um dia você amadurece, e consegue perceber que o amor é algo que se encontra muito além de um belo\\n                sorriso...\\n                Consegue perceber que maior parte da tua felicidade é construída por você mesmo. E consegue perceber que\\n                as pessoas mais valiosas em sua vida são justamente aquelas que sempre estiveram ao teu lado.\\n                E não é que o tempo seja mestre em nos ensinar o óbvio. Nós é que demoramos demais para o óbvio\\n                aprendermos!\\n            \\n            \\n                \\n                    \\n                        Há escolas que são gaiolas e há escolas que são asas.\\n                        Escolas que são gaiolas existem para que os pássaros desaprendam a arte do vôo. Pássaros\\n                        engaiolados são pássaros sob controle. Engaiolados, o seu dono pode levá-los para onde quiser.\\n                        Pássaros engaiolados sempre têm um dono.\\n\\n                    \\n                \\n            \\n        ' to have a length at most 600 but got 1055\n    at Context.eval (http://localhost:36371/__cypress/tests?p=cypress/integration/project.spec.js:225:41)",
                "diff": "- 1055\n+ 600\n"
              },
              "uuid": "c1d5ac64-71d7-4b0d-98ce-78d2c50a0773",
              "parentUUID": "e7e75ff8-3480-46c9-8d32-6acb14007311",
              "isHook": false,
              "skipped": false
            }
          ],
          "suites": [],
          "passes": [
            "f5800253-8428-4da8-93b4-7055224c16fc"
          ],
          "failures": [
            "c1d5ac64-71d7-4b0d-98ce-78d2c50a0773"
          ],
          "pending": [],
          "skipped": [],
          "duration": 180,
          "root": false,
          "rootEmpty": false,
          "_timeout": 2000
        },
        {
          "uuid": "e2b79cbb-6df6-4c54-ba70-a0fc8b4bd782",
          "title": "9 - Crie uma seção que conta uma passagem sobre seu aprendizado",
          "fullFile": "",
          "file": "",
          "beforeHooks": [],
          "afterHooks": [],
          "tests": [
            {
              "title": "A `tag` `aside` deve ser utilizada",
              "fullTitle": "9 - Crie uma seção que conta uma passagem sobre seu aprendizado A `tag` `aside` deve ser utilizada",
              "timedOut": null,
              "duration": 85,
              "state": "passed",
              "speed": "slow",
              "pass": true,
              "fail": false,
              "pending": false,
              "context": null,
              "code": "(0, _ActionBase.shouldExist)('aside');",
              "err": {},
              "uuid": "ae30e3f4-a107-4429-bb94-2a3c5e099a6f",
              "parentUUID": "e2b79cbb-6df6-4c54-ba70-a0fc8b4bd782",
              "isHook": false,
              "skipped": false
            },
            {
              "title": "A seção deve ter mais que 100 caracteres e menos que 300",
              "fullTitle": "9 - Crie uma seção que conta uma passagem sobre seu aprendizado A seção deve ter mais que 100 caracteres e menos que 300",
              "timedOut": null,
              "duration": 82,
              "state": "failed",
              "speed": null,
              "pass": false,
              "fail": true,
              "pending": false,
              "context": null,
              "code": "cy.get('aside').invoke('text').then(function (text) {\n  expect(text).to.have.length.of.at.above(100);\n  expect(text).to.have.length.of.at.most(300);\n});",
              "err": {
                "message": "AssertionError: expected '\\n                    \\n                        Há escolas que são gaiolas e há escolas que são asas.\\n                        Escolas que são gaiolas existem para que os pássaros desaprendam a arte do vôo. Pássaros\\n                        engaiolados são pássaros sob controle. Engaiolados, o seu dono pode levá-los para onde quiser.\\n                        Pássaros engaiolados sempre têm um dono.\\n\\n                    \\n                ' to have a length at most 300 but got 435",
                "estack": "AssertionError: expected '\\n                    \\n                        Há escolas que são gaiolas e há escolas que são asas.\\n                        Escolas que são gaiolas existem para que os pássaros desaprendam a arte do vôo. Pássaros\\n                        engaiolados são pássaros sob controle. Engaiolados, o seu dono pode levá-los para onde quiser.\\n                        Pássaros engaiolados sempre têm um dono.\\n\\n                    \\n                ' to have a length at most 300 but got 435\n    at Context.eval (http://localhost:36371/__cypress/tests?p=cypress/integration/project.spec.js:240:41)",
                "diff": "- 435\n+ 300\n"
              },
              "uuid": "0f2ee56f-2e0a-4a16-a205-2ffb139bd91a",
              "parentUUID": "e2b79cbb-6df6-4c54-ba70-a0fc8b4bd782",
              "isHook": false,
              "skipped": false
            }
          ],
          "suites": [],
          "passes": [
            "ae30e3f4-a107-4429-bb94-2a3c5e099a6f"
          ],
          "failures": [
            "0f2ee56f-2e0a-4a16-a205-2ffb139bd91a"
          ],
          "pending": [],
          "skipped": [],
          "duration": 167,
          "root": false,
          "rootEmpty": false,
          "_timeout": 2000
        },
        {
          "uuid": "5e01fb02-f78a-40b7-88e0-a5f0c8aaf16a",
          "title": "10 - Aplique elementos HTML de acordo com o sentido e propósito de cada um deles",
          "fullFile": "",
          "file": "",
          "beforeHooks": [],
          "afterHooks": [],
          "tests": [
            {
              "title": "Validar se a página possui um elemento \"article\"",
              "fullTitle": "10 - Aplique elementos HTML de acordo com o sentido e propósito de cada um deles Validar se a página possui um elemento \"article\"",
              "timedOut": null,
              "duration": 75,
              "state": "passed",
              "speed": "medium",
              "pass": true,
              "fail": false,
              "pending": false,
              "context": null,
              "code": "(0, _ActionBase.shouldExist)('article');",
              "err": {},
              "uuid": "26009d9d-f4ee-4756-ac12-6fab2d4b5729",
              "parentUUID": "5e01fb02-f78a-40b7-88e0-a5f0c8aaf16a",
              "isHook": false,
              "skipped": false
            },
            {
              "title": "Validar se a página possui um elemento \"header\"",
              "fullTitle": "10 - Aplique elementos HTML de acordo com o sentido e propósito de cada um deles Validar se a página possui um elemento \"header\"",
              "timedOut": null,
              "duration": 84,
              "state": "passed",
              "speed": "slow",
              "pass": true,
              "fail": false,
              "pending": false,
              "context": null,
              "code": "(0, _ActionBase.shouldExist)('header');",
              "err": {},
              "uuid": "47cafc92-7c69-4e3e-98fb-93fd8c303f9e",
              "parentUUID": "5e01fb02-f78a-40b7-88e0-a5f0c8aaf16a",
              "isHook": false,
              "skipped": false
            },
            {
              "title": "Validar se a página possui um elemento \"nav\"",
              "fullTitle": "10 - Aplique elementos HTML de acordo com o sentido e propósito de cada um deles Validar se a página possui um elemento \"nav\"",
              "timedOut": null,
              "duration": 105,
              "state": "passed",
              "speed": "slow",
              "pass": true,
              "fail": false,
              "pending": false,
              "context": null,
              "code": "(0, _ActionBase.shouldExist)('nav');",
              "err": {},
              "uuid": "3309d016-e618-4a78-ac15-a72f9aa7a863",
              "parentUUID": "5e01fb02-f78a-40b7-88e0-a5f0c8aaf16a",
              "isHook": false,
              "skipped": false
            },
            {
              "title": "Validar se a página possui um elemento \"section\"",
              "fullTitle": "10 - Aplique elementos HTML de acordo com o sentido e propósito de cada um deles Validar se a página possui um elemento \"section\"",
              "timedOut": null,
              "duration": 203,
              "state": "passed",
              "speed": "slow",
              "pass": true,
              "fail": false,
              "pending": false,
              "context": null,
              "code": "(0, _ActionBase.shouldExist)('section');",
              "err": {},
              "uuid": "c8841d0e-e57f-4c8e-ab27-0f3d6477a10c",
              "parentUUID": "5e01fb02-f78a-40b7-88e0-a5f0c8aaf16a",
              "isHook": false,
              "skipped": false
            },
            {
              "title": "Validar se a página possui um elemento \"aside\"",
              "fullTitle": "10 - Aplique elementos HTML de acordo com o sentido e propósito de cada um deles Validar se a página possui um elemento \"aside\"",
              "timedOut": null,
              "duration": 89,
              "state": "passed",
              "speed": "slow",
              "pass": true,
              "fail": false,
              "pending": false,
              "context": null,
              "code": "(0, _ActionBase.shouldExist)('aside');",
              "err": {},
              "uuid": "a739c566-f7bb-41a7-9160-a0dd1a387172",
              "parentUUID": "5e01fb02-f78a-40b7-88e0-a5f0c8aaf16a",
              "isHook": false,
              "skipped": false
            },
            {
              "title": "Validar se a página possui um elemento \"footer\"",
              "fullTitle": "10 - Aplique elementos HTML de acordo com o sentido e propósito de cada um deles Validar se a página possui um elemento \"footer\"",
              "timedOut": null,
              "duration": 102,
              "state": "passed",
              "speed": "slow",
              "pass": true,
              "fail": false,
              "pending": false,
              "context": null,
              "code": "(0, _ActionBase.shouldExist)('footer');",
              "err": {},
              "uuid": "74598070-979e-49cf-900f-89a077ceae10",
              "parentUUID": "5e01fb02-f78a-40b7-88e0-a5f0c8aaf16a",
              "isHook": false,
              "skipped": false
            }
          ],
          "suites": [],
          "passes": [
            "26009d9d-f4ee-4756-ac12-6fab2d4b5729",
            "47cafc92-7c69-4e3e-98fb-93fd8c303f9e",
            "3309d016-e618-4a78-ac15-a72f9aa7a863",
            "c8841d0e-e57f-4c8e-ab27-0f3d6477a10c",
            "a739c566-f7bb-41a7-9160-a0dd1a387172",
            "74598070-979e-49cf-900f-89a077ceae10"
          ],
          "failures": [],
          "pending": [],
          "skipped": [],
          "duration": 658,
          "root": false,
          "rootEmpty": false,
          "_timeout": 2000
        },
        {
          "uuid": "1cecd574-df75-4523-9fd5-de451bf91d29",
          "title": "11 - Teste a semântica da sua página está aprovada pelo site CodeSniffer",
          "fullFile": "",
          "file": "",
          "beforeHooks": [],
          "afterHooks": [],
          "tests": [
            {
              "title": "Seu site deve passar sem problemas na verificação de semântica do site CodeSniffer",
              "fullTitle": "11 - Teste a semântica da sua página está aprovada pelo site CodeSniffer Seu site deve passar sem problemas na verificação de semântica do site CodeSniffer",
              "timedOut": null,
              "duration": 13609,
              "state": "failed",
              "speed": null,
              "pass": false,
              "fail": true,
              "pending": false,
              "context": null,
              "code": "cy.readFile('./index.html').then(function (content) {\n  cy.visit('http://squizlabs.github.io/HTML_CodeSniffer/');\n  cy.get('#runHTMLCS').click();\n  cy.get('#source').invoke('val', content).trigger('input');\n  cy.get('#run-button').click();\n  cy.get('.result-count-errors').contains(/^0$/);\n});",
              "err": {
                "message": "AssertionError: Timed out retrying: Expected to find content: '/^0$/' within the element: <span.result-count.result-count-errors> but never did.",
                "estack": "AssertionError: Timed out retrying: Expected to find content: '/^0$/' within the element: <span.result-count.result-count-errors> but never did.\n    at Context.eval (http://squizlabs.github.io/__cypress/tests?p=cypress/integration/project.spec.js:274:38)",
                "diff": null
              },
              "uuid": "b4bff965-7150-4e8c-a952-db11c8142153",
              "parentUUID": "1cecd574-df75-4523-9fd5-de451bf91d29",
              "isHook": false,
              "skipped": false
            }
          ],
          "suites": [],
          "passes": [],
          "failures": [
            "b4bff965-7150-4e8c-a952-db11c8142153"
          ],
          "pending": [],
          "skipped": [],
          "duration": 13609,
          "root": false,
          "rootEmpty": false,
          "_timeout": 2000
        }
      ],
      "passes": [],
      "failures": [],
      "pending": [],
      "skipped": [],
      "duration": 0,
      "root": true,
      "rootEmpty": true,
      "_timeout": 2000
    }
  ],
  "meta": {
    "mocha": {
      "version": "7.0.1"
    },
    "mochawesome": {
      "options": {
        "quiet": false,
        "reportFilename": "mochawesome",
        "saveHtml": false,
        "saveJson": true,
        "consoleReporter": "spec",
        "useInlineDiffs": false
      },
      "version": "4.1.0"
    },
    "marge": {
      "options": {
        "id": "default",
        "reportDir": "cypress/reports",
        "overwrite": false,
        "html": false,
        "json": true
      },
      "version": "4.1.0"
    }
  }
}