{
  "stats": {
    "suites": 4,
    "tests": 9,
    "passes": 1,
    "pending": 0,
    "failures": 8,
    "start": "2021-11-25T20:59:26.173Z",
    "end": "2021-11-25T20:59:59.293Z",
    "duration": 33120,
    "testsRegistered": 9,
    "passPercent": 11.11111111111111,
    "pendingPercent": 0,
    "other": 0,
    "hasOther": false,
    "skipped": 0,
    "hasSkipped": false
  },
  "results": [
    {
      "uuid": "92191fc0-514f-46da-9df3-c41f5182cfa2",
      "title": "",
      "fullFile": "cypress/integration/bonus.spec.js",
      "file": "cypress/integration/bonus.spec.js",
      "beforeHooks": [],
      "afterHooks": [],
      "tests": [],
      "suites": [
        {
          "uuid": "03a8ac08-4d2e-4470-abb5-5b6ebc521831",
          "title": "12 - Adicione uma tabela à página",
          "fullFile": "",
          "file": "",
          "beforeHooks": [],
          "afterHooks": [],
          "tests": [
            {
              "title": "A página deve possuir uma tabela",
              "fullTitle": "12 - Adicione uma tabela à página A página deve possuir uma tabela",
              "timedOut": null,
              "duration": 11630,
              "state": "failed",
              "speed": null,
              "pass": false,
              "fail": true,
              "pending": false,
              "context": null,
              "code": "(0, _ActionBase.shouldExist)('table');",
              "err": {
                "message": "AssertionError: Timed out retrying: Expected to find element: `table`, but never found it.",
                "estack": "AssertionError: Timed out retrying: Expected to find element: `table`, but never found it.\n    at shouldExist (http://localhost:45239/__cypress/tests?p=cypress/integration/bonus.spec.js:108:20)\n    at Context.eval (http://localhost:45239/__cypress/tests?p=cypress/integration/bonus.spec.js:148:33)",
                "diff": null
              },
              "uuid": "cad1e890-9460-48fa-a1ec-b66198b23e68",
              "parentUUID": "03a8ac08-4d2e-4470-abb5-5b6ebc521831",
              "isHook": false,
              "skipped": false
            }
          ],
          "suites": [],
          "passes": [],
          "failures": [
            "cad1e890-9460-48fa-a1ec-b66198b23e68"
          ],
          "pending": [],
          "skipped": [],
          "duration": 11630,
          "root": false,
          "rootEmpty": false,
          "_timeout": 2000
        },
        {
          "uuid": "810b9331-c0db-41e3-810f-627b9cafb209",
          "title": "13 - Utilize o Box model",
          "fullFile": "",
          "file": "",
          "beforeHooks": [],
          "afterHooks": [],
          "tests": [
            {
              "title": "Altere `margin`, `padding` e `border` dos elementos para ver, na prática, como esses atributos influenciam e melhoram a visualização dos componentes",
              "fullTitle": "13 - Utilize o Box model Altere `margin`, `padding` e `border` dos elementos para ver, na prática, como esses atributos influenciam e melhoram a visualização dos componentes",
              "timedOut": null,
              "duration": 551,
              "state": "passed",
              "speed": "slow",
              "pass": true,
              "fail": false,
              "pending": false,
              "context": null,
              "code": "cy.readFile('./style.css').then(function (content) {\n  var styles = ['margin', 'padding', 'border'];\n  expect(styles.every(function (style) {\n    return content.match(style);\n  }), 'Do not match styles margin, padding and border').to.be[\"true\"];\n});",
              "err": {},
              "uuid": "0bae7c6c-b5fb-4345-929a-50f70d12c1eb",
              "parentUUID": "810b9331-c0db-41e3-810f-627b9cafb209",
              "isHook": false,
              "skipped": false
            }
          ],
          "suites": [],
          "passes": [
            "0bae7c6c-b5fb-4345-929a-50f70d12c1eb"
          ],
          "failures": [],
          "pending": [],
          "skipped": [],
          "duration": 551,
          "root": false,
          "rootEmpty": false,
          "_timeout": 2000
        },
        {
          "uuid": "73344d3f-5c0d-4cbc-b64f-9cc7741173b5",
          "title": "14 - Altere atributos relacionados as fontes",
          "fullFile": "",
          "file": "",
          "beforeHooks": [],
          "afterHooks": [],
          "tests": [
            {
              "title": "Altere o tamanho da letra",
              "fullTitle": "14 - Altere atributos relacionados as fontes Altere o tamanho da letra",
              "timedOut": null,
              "duration": 111,
              "state": "failed",
              "speed": null,
              "pass": false,
              "fail": true,
              "pending": false,
              "context": null,
              "code": "var styles = [/font:/, /font-size:/];\n(0, _ActionBase.verifyExistingStyle)(styles);",
              "err": {
                "message": "AssertionError: Do not match styles /font:/,/font-size:/: expected false to be true",
                "estack": "AssertionError: Do not match styles /font:/,/font-size:/: expected false to be true\n    at Context.eval (http://localhost:45239/__cypress/tests?p=cypress/integration/bonus.spec.js:125:53)",
                "diff": null
              },
              "uuid": "9c9be4a3-568b-4511-8290-a99e57ad5029",
              "parentUUID": "73344d3f-5c0d-4cbc-b64f-9cc7741173b5",
              "isHook": false,
              "skipped": false
            },
            {
              "title": "Altere a cor da letra",
              "fullTitle": "14 - Altere atributos relacionados as fontes Altere a cor da letra",
              "timedOut": null,
              "duration": 111,
              "state": "failed",
              "speed": null,
              "pass": false,
              "fail": true,
              "pending": false,
              "context": null,
              "code": "var styles = [/font:/, /[^-]color:/];\n(0, _ActionBase.verifyExistingStyle)(styles);",
              "err": {
                "message": "AssertionError: Do not match styles /font:/,/[^-]color:/: expected false to be true",
                "estack": "AssertionError: Do not match styles /font:/,/[^-]color:/: expected false to be true\n    at Context.eval (http://localhost:45239/__cypress/tests?p=cypress/integration/bonus.spec.js:125:53)",
                "diff": null
              },
              "uuid": "c68ad178-bd9f-47eb-9bd1-b7dad56c3022",
              "parentUUID": "73344d3f-5c0d-4cbc-b64f-9cc7741173b5",
              "isHook": false,
              "skipped": false
            },
            {
              "title": "Altere o espaçamento entre as linhas",
              "fullTitle": "14 - Altere atributos relacionados as fontes Altere o espaçamento entre as linhas",
              "timedOut": null,
              "duration": 109,
              "state": "failed",
              "speed": null,
              "pass": false,
              "fail": true,
              "pending": false,
              "context": null,
              "code": "var styles = [/font:/, /line-height:/];\n(0, _ActionBase.verifyExistingStyle)(styles);",
              "err": {
                "message": "AssertionError: Do not match styles /font:/,/line-height:/: expected false to be true",
                "estack": "AssertionError: Do not match styles /font:/,/line-height:/: expected false to be true\n    at Context.eval (http://localhost:45239/__cypress/tests?p=cypress/integration/bonus.spec.js:125:53)",
                "diff": null
              },
              "uuid": "45cb2bc6-10fd-402f-91ce-d6369fa64d55",
              "parentUUID": "73344d3f-5c0d-4cbc-b64f-9cc7741173b5",
              "isHook": false,
              "skipped": false
            },
            {
              "title": "Altere o `font-family`",
              "fullTitle": "14 - Altere atributos relacionados as fontes Altere o `font-family`",
              "timedOut": null,
              "duration": 121,
              "state": "failed",
              "speed": null,
              "pass": false,
              "fail": true,
              "pending": false,
              "context": null,
              "code": "var styles = [/font:/, /font-family:/];\n(0, _ActionBase.verifyExistingStyle)(styles);",
              "err": {
                "message": "AssertionError: Do not match styles /font:/,/font-family:/: expected false to be true",
                "estack": "AssertionError: Do not match styles /font:/,/font-family:/: expected false to be true\n    at Context.eval (http://localhost:45239/__cypress/tests?p=cypress/integration/bonus.spec.js:125:53)",
                "diff": null
              },
              "uuid": "327d61c9-0c87-4978-a8a1-8564132af417",
              "parentUUID": "73344d3f-5c0d-4cbc-b64f-9cc7741173b5",
              "isHook": false,
              "skipped": false
            }
          ],
          "suites": [],
          "passes": [],
          "failures": [
            "9c9be4a3-568b-4511-8290-a99e57ad5029",
            "c68ad178-bd9f-47eb-9bd1-b7dad56c3022",
            "45cb2bc6-10fd-402f-91ce-d6369fa64d55",
            "327d61c9-0c87-4978-a8a1-8564132af417"
          ],
          "pending": [],
          "skipped": [],
          "duration": 452,
          "root": false,
          "rootEmpty": false,
          "_timeout": 2000
        },
        {
          "uuid": "2141a677-4b94-48a5-a9d2-7951c5149256",
          "title": "15 - Posicione o seu artigo e a seção sobre aprendizados um ao lado do outro",
          "fullFile": "",
          "file": "",
          "beforeHooks": [],
          "afterHooks": [],
          "tests": [
            {
              "title": "Utilizar a classe \"lado-esquerdo\"",
              "fullTitle": "15 - Posicione o seu artigo e a seção sobre aprendizados um ao lado do outro Utilizar a classe \"lado-esquerdo\"",
              "timedOut": null,
              "duration": 10098,
              "state": "failed",
              "speed": null,
              "pass": false,
              "fail": true,
              "pending": false,
              "context": null,
              "code": "(0, _ActionBase.shouldExist)('.lado-esquerdo');",
              "err": {
                "message": "AssertionError: Timed out retrying: Expected to find element: `.lado-esquerdo`, but never found it.",
                "estack": "AssertionError: Timed out retrying: Expected to find element: `.lado-esquerdo`, but never found it.\n    at shouldExist (http://localhost:45239/__cypress/tests?p=cypress/integration/bonus.spec.js:108:20)\n    at Context.eval (http://localhost:45239/__cypress/tests?p=cypress/integration/bonus.spec.js:190:33)",
                "diff": null
              },
              "uuid": "52e7ba54-07a0-43d3-aa4f-81aa21518590",
              "parentUUID": "2141a677-4b94-48a5-a9d2-7951c5149256",
              "isHook": false,
              "skipped": false
            },
            {
              "title": "Utilizar a classe \"lado-direito\"",
              "fullTitle": "15 - Posicione o seu artigo e a seção sobre aprendizados um ao lado do outro Utilizar a classe \"lado-direito\"",
              "timedOut": null,
              "duration": 10100,
              "state": "failed",
              "speed": null,
              "pass": false,
              "fail": true,
              "pending": false,
              "context": null,
              "code": "(0, _ActionBase.shouldExist)('.lado-direito');",
              "err": {
                "message": "AssertionError: Timed out retrying: Expected to find element: `.lado-direito`, but never found it.",
                "estack": "AssertionError: Timed out retrying: Expected to find element: `.lado-direito`, but never found it.\n    at shouldExist (http://localhost:45239/__cypress/tests?p=cypress/integration/bonus.spec.js:108:20)\n    at Context.eval (http://localhost:45239/__cypress/tests?p=cypress/integration/bonus.spec.js:193:33)",
                "diff": null
              },
              "uuid": "8fe5f8a8-6f14-43d4-b08d-d11d2206322e",
              "parentUUID": "2141a677-4b94-48a5-a9d2-7951c5149256",
              "isHook": false,
              "skipped": false
            },
            {
              "title": "Verificar se os elementos com as classes lado-direito e lado-esquerdo estão posicionados corretamente",
              "fullTitle": "15 - Posicione o seu artigo e a seção sobre aprendizados um ao lado do outro Verificar se os elementos com as classes lado-direito e lado-esquerdo estão posicionados corretamente",
              "timedOut": null,
              "duration": 105,
              "state": "failed",
              "speed": null,
              "pass": false,
              "fail": true,
              "pending": false,
              "context": null,
              "code": "cy.document().then(function (doc) {\n  var leftSide = {\n    top: (0, _ActionBase.evaluateOffset)(doc, '.lado-esquerdo', 'Top'),\n    height: (0, _ActionBase.evaluateOffset)(doc, '.lado-esquerdo', 'Height')\n  };\n  var rightSide = {\n    top: (0, _ActionBase.evaluateOffset)(doc, '.lado-direito', 'Top'),\n    height: (0, _ActionBase.evaluateOffset)(doc, '.lado-direito', 'Height')\n  };\n  expect((0, _ActionBase.isSidebySide)(leftSide, rightSide), 'Not side by side. *hint - search for float, width and positioning properties to achieve this requirement*').to.be[\"true\"];\n});",
              "err": {
                "message": "TypeError: Cannot read property 'offsetTop' of null",
                "estack": "TypeError: Cannot read property 'offsetTop' of null\n    at evaluateOffset (http://localhost:45239/__cypress/tests?p=cypress/integration/bonus.spec.js:112:37)\n    at Context.eval (http://localhost:45239/__cypress/tests?p=cypress/integration/bonus.spec.js:198:45)",
                "diff": null
              },
              "uuid": "2a5dc01d-a2f8-45ec-a0b4-be95b39589db",
              "parentUUID": "2141a677-4b94-48a5-a9d2-7951c5149256",
              "isHook": false,
              "skipped": false
            }
          ],
          "suites": [],
          "passes": [],
          "failures": [
            "52e7ba54-07a0-43d3-aa4f-81aa21518590",
            "8fe5f8a8-6f14-43d4-b08d-d11d2206322e",
            "2a5dc01d-a2f8-45ec-a0b4-be95b39589db"
          ],
          "pending": [],
          "skipped": [],
          "duration": 20303,
          "root": false,
          "rootEmpty": false,
          "_timeout": 2000
        }
      ],
      "passes": [],
      "failures": [],
      "pending": [],
      "skipped": [],
      "duration": 0,
      "root": true,
      "rootEmpty": true,
      "_timeout": 2000
    }
  ],
  "meta": {
    "mocha": {
      "version": "7.0.1"
    },
    "mochawesome": {
      "options": {
        "quiet": false,
        "reportFilename": "mochawesome",
        "saveHtml": false,
        "saveJson": true,
        "consoleReporter": "spec",
        "useInlineDiffs": false
      },
      "version": "4.1.0"
    },
    "marge": {
      "options": {
        "id": "default",
        "reportDir": "cypress/reports",
        "overwrite": false,
        "html": false,
        "json": true
      },
      "version": "4.1.0"
    }
  }
}