{
  "stats": {
    "suites": 4,
    "tests": 9,
    "passes": 5,
    "pending": 0,
    "failures": 4,
    "start": "2021-11-25T21:31:55.795Z",
    "end": "2021-11-25T21:31:57.806Z",
    "duration": 2011,
    "testsRegistered": 9,
    "passPercent": 55.55555555555556,
    "pendingPercent": 0,
    "other": 0,
    "hasOther": false,
    "skipped": 0,
    "hasSkipped": false
  },
  "results": [
    {
      "uuid": "3d075276-8cd0-428d-9b59-62ae4677df7d",
      "title": "",
      "fullFile": "cypress/integration/bonus.spec.js",
      "file": "cypress/integration/bonus.spec.js",
      "beforeHooks": [],
      "afterHooks": [],
      "tests": [],
      "suites": [
        {
          "uuid": "fbe0353e-7b71-4ea9-a0ae-6068a2545447",
          "title": "12 - Adicione uma tabela à página",
          "fullFile": "",
          "file": "",
          "beforeHooks": [],
          "afterHooks": [],
          "tests": [
            {
              "title": "A página deve possuir uma tabela",
              "fullTitle": "12 - Adicione uma tabela à página A página deve possuir uma tabela",
              "timedOut": null,
              "duration": 841,
              "state": "passed",
              "speed": "slow",
              "pass": true,
              "fail": false,
              "pending": false,
              "context": null,
              "code": "(0, _ActionBase.shouldExist)('table');",
              "err": {},
              "uuid": "2930f66e-d116-463a-9cfb-a007c1ce6dca",
              "parentUUID": "fbe0353e-7b71-4ea9-a0ae-6068a2545447",
              "isHook": false,
              "skipped": false
            }
          ],
          "suites": [],
          "passes": [
            "2930f66e-d116-463a-9cfb-a007c1ce6dca"
          ],
          "failures": [],
          "pending": [],
          "skipped": [],
          "duration": 841,
          "root": false,
          "rootEmpty": false,
          "_timeout": 2000
        },
        {
          "uuid": "0f400f35-029f-4832-b2e2-615e3f65bf77",
          "title": "13 - Utilize o Box model",
          "fullFile": "",
          "file": "",
          "beforeHooks": [],
          "afterHooks": [],
          "tests": [
            {
              "title": "Altere `margin`, `padding` e `border` dos elementos para ver, na prática, como esses atributos influenciam e melhoram a visualização dos componentes",
              "fullTitle": "13 - Utilize o Box model Altere `margin`, `padding` e `border` dos elementos para ver, na prática, como esses atributos influenciam e melhoram a visualização dos componentes",
              "timedOut": null,
              "duration": 125,
              "state": "passed",
              "speed": "slow",
              "pass": true,
              "fail": false,
              "pending": false,
              "context": null,
              "code": "cy.readFile('./style.css').then(function (content) {\n  var styles = ['margin', 'padding', 'border'];\n  expect(styles.every(function (style) {\n    return content.match(style);\n  }), 'Do not match styles margin, padding and border').to.be[\"true\"];\n});",
              "err": {},
              "uuid": "6be6b3e0-4185-4c96-bcfd-6317cb4a7ba6",
              "parentUUID": "0f400f35-029f-4832-b2e2-615e3f65bf77",
              "isHook": false,
              "skipped": false
            }
          ],
          "suites": [],
          "passes": [
            "6be6b3e0-4185-4c96-bcfd-6317cb4a7ba6"
          ],
          "failures": [],
          "pending": [],
          "skipped": [],
          "duration": 125,
          "root": false,
          "rootEmpty": false,
          "_timeout": 2000
        },
        {
          "uuid": "81a74bcd-1f2b-4f27-a5f3-db43e6ea33eb",
          "title": "14 - Altere atributos relacionados as fontes",
          "fullFile": "",
          "file": "",
          "beforeHooks": [],
          "afterHooks": [],
          "tests": [
            {
              "title": "Altere o tamanho da letra",
              "fullTitle": "14 - Altere atributos relacionados as fontes Altere o tamanho da letra",
              "timedOut": null,
              "duration": 119,
              "state": "failed",
              "speed": null,
              "pass": false,
              "fail": true,
              "pending": false,
              "context": null,
              "code": "var styles = [/font:/, /font-size:/];\n(0, _ActionBase.verifyExistingStyle)(styles);",
              "err": {
                "message": "AssertionError: Do not match styles /font:/,/font-size:/: expected false to be true",
                "estack": "AssertionError: Do not match styles /font:/,/font-size:/: expected false to be true\n    at Context.eval (http://localhost:45209/__cypress/tests?p=cypress/integration/bonus.spec.js:125:53)",
                "diff": null
              },
              "uuid": "800ac3d5-43b6-477f-b707-0b820457aa67",
              "parentUUID": "81a74bcd-1f2b-4f27-a5f3-db43e6ea33eb",
              "isHook": false,
              "skipped": false
            },
            {
              "title": "Altere a cor da letra",
              "fullTitle": "14 - Altere atributos relacionados as fontes Altere a cor da letra",
              "timedOut": null,
              "duration": 105,
              "state": "failed",
              "speed": null,
              "pass": false,
              "fail": true,
              "pending": false,
              "context": null,
              "code": "var styles = [/font:/, /[^-]color:/];\n(0, _ActionBase.verifyExistingStyle)(styles);",
              "err": {
                "message": "AssertionError: Do not match styles /font:/,/[^-]color:/: expected false to be true",
                "estack": "AssertionError: Do not match styles /font:/,/[^-]color:/: expected false to be true\n    at Context.eval (http://localhost:45209/__cypress/tests?p=cypress/integration/bonus.spec.js:125:53)",
                "diff": null
              },
              "uuid": "e00089c1-efb0-4e5e-b4ad-c6f1e85723b5",
              "parentUUID": "81a74bcd-1f2b-4f27-a5f3-db43e6ea33eb",
              "isHook": false,
              "skipped": false
            },
            {
              "title": "Altere o espaçamento entre as linhas",
              "fullTitle": "14 - Altere atributos relacionados as fontes Altere o espaçamento entre as linhas",
              "timedOut": null,
              "duration": 109,
              "state": "failed",
              "speed": null,
              "pass": false,
              "fail": true,
              "pending": false,
              "context": null,
              "code": "var styles = [/font:/, /line-height:/];\n(0, _ActionBase.verifyExistingStyle)(styles);",
              "err": {
                "message": "AssertionError: Do not match styles /font:/,/line-height:/: expected false to be true",
                "estack": "AssertionError: Do not match styles /font:/,/line-height:/: expected false to be true\n    at Context.eval (http://localhost:45209/__cypress/tests?p=cypress/integration/bonus.spec.js:125:53)",
                "diff": null
              },
              "uuid": "1e6cf908-e4ca-408e-8ad4-7348eecaa260",
              "parentUUID": "81a74bcd-1f2b-4f27-a5f3-db43e6ea33eb",
              "isHook": false,
              "skipped": false
            },
            {
              "title": "Altere o `font-family`",
              "fullTitle": "14 - Altere atributos relacionados as fontes Altere o `font-family`",
              "timedOut": null,
              "duration": 137,
              "state": "failed",
              "speed": null,
              "pass": false,
              "fail": true,
              "pending": false,
              "context": null,
              "code": "var styles = [/font:/, /font-family:/];\n(0, _ActionBase.verifyExistingStyle)(styles);",
              "err": {
                "message": "AssertionError: Do not match styles /font:/,/font-family:/: expected false to be true",
                "estack": "AssertionError: Do not match styles /font:/,/font-family:/: expected false to be true\n    at Context.eval (http://localhost:45209/__cypress/tests?p=cypress/integration/bonus.spec.js:125:53)",
                "diff": null
              },
              "uuid": "8d013cc4-8809-41cc-8d60-01a60c0153b5",
              "parentUUID": "81a74bcd-1f2b-4f27-a5f3-db43e6ea33eb",
              "isHook": false,
              "skipped": false
            }
          ],
          "suites": [],
          "passes": [],
          "failures": [
            "800ac3d5-43b6-477f-b707-0b820457aa67",
            "e00089c1-efb0-4e5e-b4ad-c6f1e85723b5",
            "1e6cf908-e4ca-408e-8ad4-7348eecaa260",
            "8d013cc4-8809-41cc-8d60-01a60c0153b5"
          ],
          "pending": [],
          "skipped": [],
          "duration": 470,
          "root": false,
          "rootEmpty": false,
          "_timeout": 2000
        },
        {
          "uuid": "7065162b-8943-4ca4-bf8d-f49e2b3b3a24",
          "title": "15 - Posicione o seu artigo e a seção sobre aprendizados um ao lado do outro",
          "fullFile": "",
          "file": "",
          "beforeHooks": [],
          "afterHooks": [],
          "tests": [
            {
              "title": "Utilizar a classe \"lado-esquerdo\"",
              "fullTitle": "15 - Posicione o seu artigo e a seção sobre aprendizados um ao lado do outro Utilizar a classe \"lado-esquerdo\"",
              "timedOut": null,
              "duration": 109,
              "state": "passed",
              "speed": "slow",
              "pass": true,
              "fail": false,
              "pending": false,
              "context": null,
              "code": "(0, _ActionBase.shouldExist)('.lado-esquerdo');",
              "err": {},
              "uuid": "c5616b9f-e9da-4e36-93ee-f85518e5b1f6",
              "parentUUID": "7065162b-8943-4ca4-bf8d-f49e2b3b3a24",
              "isHook": false,
              "skipped": false
            },
            {
              "title": "Utilizar a classe \"lado-direito\"",
              "fullTitle": "15 - Posicione o seu artigo e a seção sobre aprendizados um ao lado do outro Utilizar a classe \"lado-direito\"",
              "timedOut": null,
              "duration": 113,
              "state": "passed",
              "speed": "slow",
              "pass": true,
              "fail": false,
              "pending": false,
              "context": null,
              "code": "(0, _ActionBase.shouldExist)('.lado-direito');",
              "err": {},
              "uuid": "14c23a11-02cd-4005-b606-c05d867f63ca",
              "parentUUID": "7065162b-8943-4ca4-bf8d-f49e2b3b3a24",
              "isHook": false,
              "skipped": false
            },
            {
              "title": "Verificar se os elementos com as classes lado-direito e lado-esquerdo estão posicionados corretamente",
              "fullTitle": "15 - Posicione o seu artigo e a seção sobre aprendizados um ao lado do outro Verificar se os elementos com as classes lado-direito e lado-esquerdo estão posicionados corretamente",
              "timedOut": null,
              "duration": 96,
              "state": "passed",
              "speed": "slow",
              "pass": true,
              "fail": false,
              "pending": false,
              "context": null,
              "code": "cy.document().then(function (doc) {\n  var leftSide = {\n    top: (0, _ActionBase.evaluateOffset)(doc, '.lado-esquerdo', 'Top'),\n    height: (0, _ActionBase.evaluateOffset)(doc, '.lado-esquerdo', 'Height')\n  };\n  var rightSide = {\n    top: (0, _ActionBase.evaluateOffset)(doc, '.lado-direito', 'Top'),\n    height: (0, _ActionBase.evaluateOffset)(doc, '.lado-direito', 'Height')\n  };\n  expect((0, _ActionBase.isSidebySide)(leftSide, rightSide), 'Not side by side. *hint - search for float, width and positioning properties to achieve this requirement*').to.be[\"true\"];\n});",
              "err": {},
              "uuid": "7a6c64c5-b0a6-40c1-8aa3-2d7baad23056",
              "parentUUID": "7065162b-8943-4ca4-bf8d-f49e2b3b3a24",
              "isHook": false,
              "skipped": false
            }
          ],
          "suites": [],
          "passes": [
            "c5616b9f-e9da-4e36-93ee-f85518e5b1f6",
            "14c23a11-02cd-4005-b606-c05d867f63ca",
            "7a6c64c5-b0a6-40c1-8aa3-2d7baad23056"
          ],
          "failures": [],
          "pending": [],
          "skipped": [],
          "duration": 318,
          "root": false,
          "rootEmpty": false,
          "_timeout": 2000
        }
      ],
      "passes": [],
      "failures": [],
      "pending": [],
      "skipped": [],
      "duration": 0,
      "root": true,
      "rootEmpty": true,
      "_timeout": 2000
    }
  ],
  "meta": {
    "mocha": {
      "version": "7.0.1"
    },
    "mochawesome": {
      "options": {
        "quiet": false,
        "reportFilename": "mochawesome",
        "saveHtml": false,
        "saveJson": true,
        "consoleReporter": "spec",
        "useInlineDiffs": false
      },
      "version": "4.1.0"
    },
    "marge": {
      "options": {
        "id": "default",
        "reportDir": "cypress/reports",
        "overwrite": false,
        "html": false,
        "json": true
      },
      "version": "4.1.0"
    }
  }
}